  [1m[36mLibrary Load (0.2ms)[0m  [1mSELECT "libraries".* FROM "libraries"[0m
SQLite3::SQLException: no such table: libraries: SELECT "libraries".* FROM "libraries"
  [1m[36m (3.3ms)[0m  [1mCREATE TABLE "schema_migrations" ("version" varchar(255) NOT NULL) [0m
  [1m[35m (2.0ms)[0m  CREATE UNIQUE INDEX "unique_schema_migrations" ON "schema_migrations" ("version")
  [1m[36mActiveRecord::SchemaMigration Load (0.1ms)[0m  [1mSELECT "schema_migrations".* FROM "schema_migrations"[0m
Migrating to CreateLibraries (20130914171827)
  [1m[35m (0.0ms)[0m  begin transaction
  [1m[36m (0.3ms)[0m  [1mCREATE TABLE "libraries" ("id" INTEGER PRIMARY KEY AUTOINCREMENT NOT NULL, "name" varchar(255), "created_at" datetime, "updated_at" datetime) [0m
  [1m[35mSQL (0.2ms)[0m  INSERT INTO "schema_migrations" ("version") VALUES (?)  [["version", "20130914171827"]]
  [1m[36m (1.9ms)[0m  [1mcommit transaction[0m
Migrating to CreateBooks (20130914171902)
  [1m[35m (0.1ms)[0m  begin transaction
  [1m[36m (0.3ms)[0m  [1mCREATE TABLE "books" ("id" INTEGER PRIMARY KEY AUTOINCREMENT NOT NULL, "title" varchar(255), "author" varchar(255), "created_at" datetime, "updated_at" datetime) [0m
  [1m[35mSQL (0.1ms)[0m  INSERT INTO "schema_migrations" ("version") VALUES (?)  [["version", "20130914171902"]]
  [1m[36m (1.3ms)[0m  [1mcommit transaction[0m
Migrating to CreateBookInventoryEntries (20130914171930)
  [1m[35m (0.1ms)[0m  begin transaction
  [1m[36m (0.3ms)[0m  [1mCREATE TABLE "book_inventory_entries" ("id" INTEGER PRIMARY KEY AUTOINCREMENT NOT NULL, "status" varchar(255), "added_at" datetime, "removed_at" datetime, "book_id" integer, "library_id" integer, "created_at" datetime, "updated_at" datetime) [0m
  [1m[35mSQL (0.1ms)[0m  INSERT INTO "schema_migrations" ("version") VALUES (?)  [["version", "20130914171930"]]
  [1m[36m (5.5ms)[0m  [1mcommit transaction[0m
  [1m[35mActiveRecord::SchemaMigration Load (0.1ms)[0m  SELECT "schema_migrations".* FROM "schema_migrations"
  [1m[36mActiveRecord::SchemaMigration Load (0.1ms)[0m  [1mSELECT "schema_migrations".* FROM "schema_migrations"[0m
  [1m[35mActiveRecord::SchemaMigration Load (0.1ms)[0m  SELECT "schema_migrations".* FROM "schema_migrations"
  [1m[36mLibrary Load (0.1ms)[0m  [1mSELECT "libraries".* FROM "libraries"[0m
  [1m[35mBook Load (0.1ms)[0m  SELECT "books".* FROM "books"
  [1m[36mBook Exists (0.2ms)[0m  [1mSELECT 1 AS one FROM "books" WHERE "books"."title" IS NULL LIMIT 1[0m
  [1m[35m (0.1ms)[0m  begin transaction
  [1m[36mBook Exists (0.2ms)[0m  [1mSELECT 1 AS one FROM "books" WHERE "books"."title" = '1984' LIMIT 1[0m
  [1m[35mSQL (3.5ms)[0m  INSERT INTO "books" ("created_at", "title", "updated_at") VALUES (?, ?, ?)  [["created_at", Sat, 14 Sep 2013 18:57:12 UTC +00:00], ["title", "1984"], ["updated_at", Sat, 14 Sep 2013 18:57:12 UTC +00:00]]
  [1m[36m (0.8ms)[0m  [1mcommit transaction[0m
  [1m[35m (0.2ms)[0m  begin transaction
  [1m[36mSQL (0.6ms)[0m  [1mINSERT INTO "libraries" ("created_at", "name", "updated_at") VALUES (?, ?, ?)[0m  [["created_at", Sat, 14 Sep 2013 18:57:58 UTC +00:00], ["name", "West Hampstead Public Library"], ["updated_at", Sat, 14 Sep 2013 18:57:58 UTC +00:00]]
  [1m[35m (1.8ms)[0m  commit transaction
  [1m[36mBook Load (0.1ms)[0m  [1mSELECT "books".* FROM "books" ORDER BY "books"."id" ASC LIMIT 1[0m
  [1m[35mLibrary Load (0.1ms)[0m  SELECT "libraries".* FROM "libraries" ORDER BY "libraries"."id" ASC LIMIT 1
  [1m[36mLibrary Load (0.1ms)[0m  [1mSELECT "libraries".* FROM "libraries" ORDER BY "libraries"."id" ASC LIMIT 1[0m
  [1m[35mBook Load (0.1ms)[0m  SELECT "books".* FROM "books" ORDER BY "books"."id" ASC LIMIT 1
  [1m[36m (0.0ms)[0m  [1mbegin transaction[0m
  [1m[35mLibrary Load (0.2ms)[0m  SELECT "libraries".* FROM "libraries" WHERE "libraries"."id" = ? ORDER BY "libraries"."id" ASC LIMIT 1  [["id", 1]]
  [1m[36mSQL (0.3ms)[0m  [1mINSERT INTO "book_inventory_entries" ("book_id", "created_at", "library_id", "updated_at") VALUES (?, ?, ?, ?)[0m  [["book_id", 1], ["created_at", Sat, 14 Sep 2013 18:59:39 UTC +00:00], ["library_id", 1], ["updated_at", Sat, 14 Sep 2013 18:59:39 UTC +00:00]]
  [1m[35m (0.8ms)[0m  commit transaction
  [1m[36mBook Load (0.2ms)[0m  [1mSELECT "books".* FROM "books" INNER JOIN "book_inventory_entries" ON "books"."id" = "book_inventory_entries"."book_id" WHERE "book_inventory_entries"."library_id" = ?[0m  [["library_id", 1]]
  [1m[35mBookInventoryEntry Load (0.3ms)[0m  SELECT "book_inventory_entries".* FROM "book_inventory_entries" WHERE "book_inventory_entries"."library_id" = ?  [["library_id", 1]]
DEPRECATION WARNING: Calling #scope or #default_scope with a hash is deprecated. Please use a lambda containing a scope. E.g. scope :red, -> { where(color: 'red') }. (called from <class:Library> at /Users/jose/Development/rails/has_many_callbacks/spec/dummy/app/models/library.rb:7)
  [1m[36mBook Load (0.1ms)[0m  [1mSELECT "books".* FROM "books" ORDER BY "books"."id" ASC LIMIT 1[0m
  [1m[35mLibrary Load (0.4ms)[0m  SELECT "libraries".* FROM "libraries" ORDER BY "libraries"."id" ASC LIMIT 1
  [1m[36mBook Load (0.2ms)[0m  [1mSELECT "books".* FROM "books" ORDER BY "books"."id" ASC LIMIT 1[0m
  [1m[35mLibrary Load (0.1ms)[0m  SELECT "libraries".* FROM "libraries" ORDER BY "libraries"."id" ASC LIMIT 1
  [1m[36mBook Load (0.1ms)[0m  [1mSELECT "books".* FROM "books" ORDER BY "books"."id" ASC LIMIT 1[0m
  [1m[35m (0.1ms)[0m  SELECT COUNT(*) FROM "book_inventory_entries" WHERE "book_inventory_entries"."library_id" = ? AND "book_inventory_entries"."book_id" = 1  [["library_id", 1]]
  [1m[36mLibrary Load (0.2ms)[0m  [1mSELECT "libraries".* FROM "libraries" ORDER BY "libraries"."id" ASC LIMIT 1[0m
  [1m[35mBook Load (0.2ms)[0m  SELECT "books".* FROM "books" ORDER BY "books"."id" ASC LIMIT 1
  [1m[36m (0.1ms)[0m  [1mSELECT COUNT(*) FROM "book_inventory_entries" WHERE "book_inventory_entries"."library_id" = ? AND "book_inventory_entries"."book_id" = 1[0m  [["library_id", 1]]
  [1m[35mLibrary Load (0.1ms)[0m  SELECT "libraries".* FROM "libraries" ORDER BY "libraries"."id" ASC LIMIT 1
  [1m[36mBook Load (0.1ms)[0m  [1mSELECT "books".* FROM "books" ORDER BY "books"."id" ASC LIMIT 1[0m
  [1m[35m (0.1ms)[0m  SELECT COUNT(*) FROM "book_inventory_entries" WHERE "book_inventory_entries"."library_id" = ? AND "book_inventory_entries"."book_id" = 1  [["library_id", 1]]
  [1m[36m (1.9ms)[0m  [1mCREATE TABLE "schema_migrations" ("version" varchar(255) NOT NULL) [0m
  [1m[35m (6.2ms)[0m  CREATE UNIQUE INDEX "unique_schema_migrations" ON "schema_migrations" ("version")
  [1m[36mActiveRecord::SchemaMigration Load (0.1ms)[0m  [1mSELECT "schema_migrations".* FROM "schema_migrations"[0m
Migrating to CreateLibraries (20130914171827)
  [1m[35m (0.1ms)[0m  begin transaction
  [1m[36m (0.3ms)[0m  [1mCREATE TABLE "libraries" ("id" INTEGER PRIMARY KEY AUTOINCREMENT NOT NULL, "name" varchar(255), "book_count" integer, "page_count" integer, "created_at" datetime, "updated_at" datetime) [0m
  [1m[35mSQL (0.2ms)[0m  INSERT INTO "schema_migrations" ("version") VALUES (?)  [["version", "20130914171827"]]
  [1m[36m (5.9ms)[0m  [1mcommit transaction[0m
Migrating to CreateBooks (20130914171902)
  [1m[35m (0.1ms)[0m  begin transaction
  [1m[36m (0.3ms)[0m  [1mCREATE TABLE "books" ("id" INTEGER PRIMARY KEY AUTOINCREMENT NOT NULL, "title" varchar(255), "author" varchar(255), "page_count" integer, "created_at" datetime, "updated_at" datetime) [0m
  [1m[35mSQL (0.1ms)[0m  INSERT INTO "schema_migrations" ("version") VALUES (?)  [["version", "20130914171902"]]
  [1m[36m (1.6ms)[0m  [1mcommit transaction[0m
Migrating to CreateBookInventoryEntries (20130914171930)
  [1m[35m (0.1ms)[0m  begin transaction
  [1m[36m (0.3ms)[0m  [1mCREATE TABLE "book_inventory_entries" ("id" INTEGER PRIMARY KEY AUTOINCREMENT NOT NULL, "status" varchar(255), "added_at" datetime, "removed_at" datetime, "book_id" integer, "library_id" integer, "created_at" datetime, "updated_at" datetime) [0m
  [1m[35mSQL (0.1ms)[0m  INSERT INTO "schema_migrations" ("version") VALUES (?)  [["version", "20130914171930"]]
  [1m[36m (1.4ms)[0m  [1mcommit transaction[0m
  [1m[35mActiveRecord::SchemaMigration Load (0.1ms)[0m  SELECT "schema_migrations".* FROM "schema_migrations"
